Coverage Report Summary Data by instance

=================================================================================
=== Instance: /Wrapper_tb/DUT/FFT_block/u_tw_counter
=== Design Unit: work.counter_4
=================================================================================
    Enabled Coverage              Bins      Hits    Misses  Coverage
    ----------------              ----      ----    ------  --------
    Branches                         2         2         0   100.00%
    Statements                       3         3         0   100.00%

=================================================================================
=== Instance: /Wrapper_tb/DUT/FFT_block/u_botmux_1
=== Design Unit: work.mux_2_1_32bit
=================================================================================
    Enabled Coverage              Bins      Hits    Misses  Coverage
    ----------------              ----      ----    ------  --------
    Branches                         2         2         0   100.00%
    Statements                       1         1         0   100.00%

=================================================================================
=== Instance: /Wrapper_tb/DUT/FFT_block/u_topmux_1
=== Design Unit: work.mux_2_1_32bit
=================================================================================
    Enabled Coverage              Bins      Hits    Misses  Coverage
    ----------------              ----      ----    ------  --------
    Branches                         2         2         0   100.00%
    Statements                       1         1         0   100.00%

=================================================================================
=== Instance: /Wrapper_tb/DUT/FFT_block/u_sr_1
=== Design Unit: work.shift_register
=================================================================================
    Enabled Coverage              Bins      Hits    Misses  Coverage
    ----------------              ----      ----    ------  --------
    Branches                         2         2         0   100.00%
    Statements                       9         9         0   100.00%

=================================================================================
=== Instance: /Wrapper_tb/DUT/FFT_block/u_mult_1
=== Design Unit: work.complex_multiplier
=================================================================================
    Enabled Coverage              Bins      Hits    Misses  Coverage
    ----------------              ----      ----    ------  --------
    Branches                         9         9         0   100.00%
    Statements                      24        24         0   100.00%

=================================================================================
=== Instance: /Wrapper_tb/DUT/FFT_block/u_topmux_2
=== Design Unit: work.mux_2_1_32bit
=================================================================================
    Enabled Coverage              Bins      Hits    Misses  Coverage
    ----------------              ----      ----    ------  --------
    Branches                         2         2         0   100.00%
    Statements                       1         1         0   100.00%

=================================================================================
=== Instance: /Wrapper_tb/DUT/FFT_block/u_sr_2
=== Design Unit: work.shift_register
=================================================================================
    Enabled Coverage              Bins      Hits    Misses  Coverage
    ----------------              ----      ----    ------  --------
    Branches                         2         2         0   100.00%
    Statements                       9         9         0   100.00%

=================================================================================
=== Instance: /Wrapper_tb/DUT/FFT_block/u_mult_2
=== Design Unit: work.complex_multiplier
=================================================================================
    Enabled Coverage              Bins      Hits    Misses  Coverage
    ----------------              ----      ----    ------  --------
    Branches                         5         5         0   100.00%
    Statements                      16        16         0   100.00%

=================================================================================
=== Instance: /Wrapper_tb/DUT/FFT_block/u_botmux_3
=== Design Unit: work.mux_2_1_32bit
=================================================================================
    Enabled Coverage              Bins      Hits    Misses  Coverage
    ----------------              ----      ----    ------  --------
    Branches                         2         2         0   100.00%
    Statements                       1         1         0   100.00%

=================================================================================
=== Instance: /Wrapper_tb/DUT/FFT_block/u_topmux_3
=== Design Unit: work.mux_2_1_32bit
=================================================================================
    Enabled Coverage              Bins      Hits    Misses  Coverage
    ----------------              ----      ----    ------  --------
    Branches                         2         2         0   100.00%
    Statements                       1         1         0   100.00%

=================================================================================
=== Instance: /Wrapper_tb/DUT/FFT_block/u_sr_3
=== Design Unit: work.shift_register
=================================================================================
    Enabled Coverage              Bins      Hits    Misses  Coverage
    ----------------              ----      ----    ------  --------
    Branches                         2         2         0   100.00%
    Statements                       9         9         0   100.00%

=================================================================================
=== Instance: /Wrapper_tb/DUT/FFT_block/u_mult_3
=== Design Unit: work.complex_multiplier
=================================================================================
    Enabled Coverage              Bins      Hits    Misses  Coverage
    ----------------              ----      ----    ------  --------
    Branches                         3         3         0   100.00%
    Statements                      12        12         0   100.00%

=================================================================================
=== Instance: /Wrapper_tb/DUT/FFT_block/u_sr_4
=== Design Unit: work.shift_register
=================================================================================
    Enabled Coverage              Bins      Hits    Misses  Coverage
    ----------------              ----      ----    ------  --------
    Branches                         2         2         0   100.00%
    Statements                       9         7         2    77.77%

=================================================================================
=== Instance: /Wrapper_tb/DUT/FFT_block
=== Design Unit: work.fft_16pt_top
=================================================================================
    Enabled Coverage              Bins      Hits    Misses  Coverage
    ----------------              ----      ----    ------  --------
    Statements                       2         2         0   100.00%

=================================================================================
=== Instance: /Wrapper_tb/DUT/register_block
=== Design Unit: work.register
=================================================================================
    Enabled Coverage              Bins      Hits    Misses  Coverage
    ----------------              ----      ----    ------  --------
    Branches                         2         2         0   100.00%
    Statements                       3         3         0   100.00%

=================================================================================
=== Instance: /Wrapper_tb/DUT/RAM_block/u_counter
=== Design Unit: work.counter
=================================================================================
    Enabled Coverage              Bins      Hits    Misses  Coverage
    ----------------              ----      ----    ------  --------
    Branches                         2         2         0   100.00%
    Statements                       3         3         0   100.00%

=================================================================================
=== Instance: /Wrapper_tb/DUT/RAM_block/u_reverser
=== Design Unit: work.bit_reversal
=================================================================================
    Enabled Coverage              Bins      Hits    Misses  Coverage
    ----------------              ----      ----    ------  --------
    Statements                       1         1         0   100.00%

=================================================================================
=== Instance: /Wrapper_tb/DUT/RAM_block/u_ram0
=== Design Unit: work.RAM
=================================================================================
    Enabled Coverage              Bins      Hits    Misses  Coverage
    ----------------              ----      ----    ------  --------
    Branches                         6         6         0   100.00%
    Statements                       6         6         0   100.00%

=================================================================================
=== Instance: /Wrapper_tb/DUT/RAM_block/u_ram1
=== Design Unit: work.RAM
=================================================================================
    Enabled Coverage              Bins      Hits    Misses  Coverage
    ----------------              ----      ----    ------  --------
    Branches                         6         6         0   100.00%
    Statements                       6         6         0   100.00%

=================================================================================
=== Instance: /Wrapper_tb/DUT/RAM_block
=== Design Unit: work.ram_wrapper
=================================================================================
    Enabled Coverage              Bins      Hits    Misses  Coverage
    ----------------              ----      ----    ------  --------
    Branches                         8         8         0   100.00%
    Statements                       5         5         0   100.00%

=================================================================================
=== Instance: /Wrapper_tb/DUT
=== Design Unit: work.Wrapper
=================================================================================
    Enabled Coverage              Bins      Hits    Misses  Coverage
    ----------------              ----      ----    ------  --------
    Expressions                      2         2         0   100.00%
    Statements                       1         1         0   100.00%


Total Coverage By Instance (filtered view): 99.45%

